<?xml version="1.0" encoding="UTF-8"?>
<!-- Generated by org.testng.reporters.JUnitXMLReporter -->
<testsuite ignored="4" hostname="DESKTOP-PEV64MN" failures="0" tests="4" name="Test" time="0.031" errors="0" timestamp="04 Jul 2023 14:15:26 GMT">
  <testcase classname="TestCases.HomeloanTest" name="test1" time="0.002"/>
  <testcase classname="TestCases.HomeloanTest" name="test2" time="0.001"/>
  <testcase classname="TestCases.CreditCardTest" name="test4" time="0.001"/>
  <testcase classname="TestCases.CarLoanTest" name="test3" time="0.0"/>
  <testcase classname="TestCases.BaseClass" name="@AfterTest method4" time="0.0">
    <ignored/>
  </testcase> <!-- @AfterTest method4 -->
  <testcase classname="TestCases.BaseClass" name="@AfterTest method4" time="0.0">
    <ignored/>
  </testcase> <!-- @AfterTest method4 -->
  <testcase classname="TestCases.BaseClass" name="@BeforeTest method3" time="0.0">
    <ignored/>
  </testcase> <!-- @BeforeTest method3 -->
  <testcase classname="TestCases.BaseClass" name="@BeforeTest method3" time="0.0">
    <ignored/>
  </testcase> <!-- @BeforeTest method3 -->
</testsuite> <!-- Test -->
