<?xml version="1.0" encoding="UTF-8"?>
<!-- Generated by org.testng.reporters.JUnitXMLReporter -->
<testsuite hostname="DESKTOP-PEV64MN" ignored="4" name="Test" tests="4" failures="0" timestamp="04 Jul 2023 16:15:54 GMT" time="0.035" errors="0">
  <testcase name="test2" time="0.0" classname="TestCases.HomeloanTest"/>
  <testcase name="test1" time="0.0" classname="TestCases.HomeloanTest"/>
  <testcase name="test4" time="0.0" classname="TestCases.CreditCardTest"/>
  <testcase name="test3" time="0.0" classname="TestCases.CarLoanTest"/>
  <testcase name="@AfterTest method4" time="0.0" classname="TestCases.BaseClass">
    <ignored/>
  </testcase> <!-- @AfterTest method4 -->
  <testcase name="@AfterTest method4" time="0.0" classname="TestCases.BaseClass">
    <ignored/>
  </testcase> <!-- @AfterTest method4 -->
  <testcase name="@BeforeTest method3" time="0.0" classname="TestCases.BaseClass">
    <ignored/>
  </testcase> <!-- @BeforeTest method3 -->
  <testcase name="@BeforeTest method3" time="0.0" classname="TestCases.BaseClass">
    <ignored/>
  </testcase> <!-- @BeforeTest method3 -->
</testsuite> <!-- Test -->
