<?xml version="1.0" encoding="UTF-8"?>
<testng-results skipped="0" failed="0" ignored="4" total="8" passed="4">
  <reporter-output>
  </reporter-output>
  <suite name="Suite" duration-ms="35" started-at="2023-07-04T16:15:54Z" finished-at="2023-07-04T16:15:54Z">
    <groups>
      <group name="regression">
        <method signature="HomeloanTest.test2()[pri:0, instance:TestCases.HomeloanTest@33cb5951]" name="test2" class="TestCases.HomeloanTest"/>
      </group> <!-- regression -->
      <group name="sanity">
        <method signature="CarLoanTest.test3()[pri:0, instance:TestCases.CarLoanTest@282003e1]" name="test3" class="TestCases.CarLoanTest"/>
        <method signature="CreditCardTest.test4()[pri:0, instance:TestCases.CreditCardTest@4148db48]" name="test4" class="TestCases.CreditCardTest"/>
        <method signature="HomeloanTest.test2()[pri:0, instance:TestCases.HomeloanTest@33cb5951]" name="test2" class="TestCases.HomeloanTest"/>
        <method signature="HomeloanTest.test1()[pri:0, instance:TestCases.HomeloanTest@33cb5951]" name="test1" class="TestCases.HomeloanTest"/>
      </group> <!-- sanity -->
    </groups>
    <test name="Test" duration-ms="35" started-at="2023-07-04T16:15:54Z" finished-at="2023-07-04T16:15:54Z">
      <class name="TestCases.CreditCardTest">
        <test-method status="PASS" signature="method2()[pri:0, instance:TestCases.CreditCardTest@4148db48]" name="method2" is-config="true" duration-ms="0" started-at="2023-07-04T16:15:54Z" finished-at="2023-07-04T16:15:54Z">
          <reporter-output>
          </reporter-output>
        </test-method> <!-- method2 -->
        <test-method status="PASS" signature="test4()[pri:0, instance:TestCases.CreditCardTest@4148db48]" name="test4" duration-ms="0" started-at="2023-07-04T16:15:54Z" finished-at="2023-07-04T16:15:54Z">
          <reporter-output>
          </reporter-output>
        </test-method> <!-- test4 -->
        <test-method status="PASS" signature="method1()[pri:0, instance:TestCases.CreditCardTest@4148db48]" name="method1" is-config="true" duration-ms="0" started-at="2023-07-04T16:15:54Z" finished-at="2023-07-04T16:15:54Z">
          <reporter-output>
          </reporter-output>
        </test-method> <!-- method1 -->
      </class> <!-- TestCases.CreditCardTest -->
      <class name="TestCases.HomeloanTest">
        <test-method status="PASS" signature="method3()[pri:0, instance:TestCases.HomeloanTest@33cb5951]" name="method3" is-config="true" duration-ms="10" started-at="2023-07-04T16:15:54Z" finished-at="2023-07-04T16:15:54Z">
          <reporter-output>
          </reporter-output>
        </test-method> <!-- method3 -->
        <test-method status="PASS" signature="method1()[pri:0, instance:TestCases.HomeloanTest@33cb5951]" name="method1" is-config="true" duration-ms="0" started-at="2023-07-04T16:15:54Z" finished-at="2023-07-04T16:15:54Z">
          <reporter-output>
          </reporter-output>
        </test-method> <!-- method1 -->
        <test-method status="PASS" signature="test2()[pri:0, instance:TestCases.HomeloanTest@33cb5951]" name="test2" duration-ms="0" started-at="2023-07-04T16:15:54Z" finished-at="2023-07-04T16:15:54Z">
          <reporter-output>
          </reporter-output>
        </test-method> <!-- test2 -->
        <test-method status="PASS" signature="test1()[pri:0, instance:TestCases.HomeloanTest@33cb5951]" name="test1" duration-ms="0" started-at="2023-07-04T16:15:54Z" depends-on-methods="TestCases.HomeloanTest.test2" finished-at="2023-07-04T16:15:54Z">
          <reporter-output>
          </reporter-output>
        </test-method> <!-- test1 -->
        <test-method status="PASS" signature="method1()[pri:0, instance:TestCases.HomeloanTest@33cb5951]" name="method1" is-config="true" duration-ms="0" started-at="2023-07-04T16:15:54Z" finished-at="2023-07-04T16:15:54Z">
          <reporter-output>
          </reporter-output>
        </test-method> <!-- method1 -->
        <test-method status="PASS" signature="method2()[pri:0, instance:TestCases.HomeloanTest@33cb5951]" name="method2" is-config="true" duration-ms="0" started-at="2023-07-04T16:15:54Z" finished-at="2023-07-04T16:15:54Z">
          <reporter-output>
          </reporter-output>
        </test-method> <!-- method2 -->
        <test-method status="PASS" signature="method2()[pri:0, instance:TestCases.HomeloanTest@33cb5951]" name="method2" is-config="true" duration-ms="0" started-at="2023-07-04T16:15:54Z" finished-at="2023-07-04T16:15:54Z">
          <reporter-output>
          </reporter-output>
        </test-method> <!-- method2 -->
        <test-method status="PASS" signature="method4()[pri:0, instance:TestCases.HomeloanTest@33cb5951]" name="method4" is-config="true" duration-ms="0" started-at="2023-07-04T16:15:54Z" finished-at="2023-07-04T16:15:54Z">
          <reporter-output>
          </reporter-output>
        </test-method> <!-- method4 -->
      </class> <!-- TestCases.HomeloanTest -->
      <class name="TestCases.CarLoanTest">
        <test-method status="PASS" signature="method1()[pri:0, instance:TestCases.CarLoanTest@282003e1]" name="method1" is-config="true" duration-ms="3" started-at="2023-07-04T16:15:54Z" finished-at="2023-07-04T16:15:54Z">
          <reporter-output>
          </reporter-output>
        </test-method> <!-- method1 -->
        <test-method status="PASS" signature="test3()[pri:0, instance:TestCases.CarLoanTest@282003e1]" name="test3" duration-ms="0" started-at="2023-07-04T16:15:54Z" finished-at="2023-07-04T16:15:54Z">
          <reporter-output>
          </reporter-output>
        </test-method> <!-- test3 -->
        <test-method status="PASS" signature="method2()[pri:0, instance:TestCases.CarLoanTest@282003e1]" name="method2" is-config="true" duration-ms="0" started-at="2023-07-04T16:15:54Z" finished-at="2023-07-04T16:15:54Z">
          <reporter-output>
          </reporter-output>
        </test-method> <!-- method2 -->
      </class> <!-- TestCases.CarLoanTest -->
    </test> <!-- Test -->
  </suite> <!-- Suite -->
</testng-results>
